<?xml version="1.0" encoding="UTF-8"?>
<testsuite xmlns:xsi="http://www.w3.org/2001/XMLSchema-instance" xsi:noNamespaceSchemaLocation="https://maven.apache.org/surefire/maven-surefire-plugin/xsd/surefire-test-report-3.0.xsd" version="3.0" name="org.runner.TestRunner" time="22.206" tests="4" errors="4" skipped="0" failures="0">
  <properties>
    <property name="sun.desktop" value="windows"/>
    <property name="awt.toolkit" value="sun.awt.windows.WToolkit"/>
    <property name="file.encoding.pkg" value="sun.io"/>
    <property name="java.specification.version" value="1.8"/>
    <property name="sun.cpu.isalist" value="amd64"/>
    <property name="sun.jnu.encoding" value="Cp1252"/>
    <property name="java.class.path" value="C:\Users\DURGAN\eclipse-workspace\TechBank\target\test-classes;C:\Users\DURGAN\eclipse-workspace\TechBank\target\classes;C:\Users\DURGAN\.m2\repository\io\cucumber\cucumber-junit\4.2.0\cucumber-junit-4.2.0.jar;C:\Users\DURGAN\.m2\repository\io\cucumber\cucumber-java\4.2.0\cucumber-java-4.2.0.jar;C:\Users\DURGAN\.m2\repository\io\cucumber\cucumber-core\4.2.0\cucumber-core-4.2.0.jar;C:\Users\DURGAN\.m2\repository\io\cucumber\cucumber-html\0.2.7\cucumber-html-0.2.7.jar;C:\Users\DURGAN\.m2\repository\io\cucumber\gherkin\5.1.0\gherkin-5.1.0.jar;C:\Users\DURGAN\.m2\repository\io\cucumber\tag-expressions\1.1.1\tag-expressions-1.1.1.jar;C:\Users\DURGAN\.m2\repository\io\cucumber\cucumber-expressions\6.2.0\cucumber-expressions-6.2.0.jar;C:\Users\DURGAN\.m2\repository\io\cucumber\datatable\1.1.7\datatable-1.1.7.jar;C:\Users\DURGAN\.m2\repository\io\cucumber\datatable-dependencies\1.1.7\datatable-dependencies-1.1.7.jar;C:\Users\DURGAN\.m2\repository\org\seleniumhq\selenium\selenium-server\3.141.59\selenium-server-3.141.59.jar;C:\Users\DURGAN\.m2\repository\org\seleniumhq\selenium\selenium-java\3.141.59\selenium-java-3.141.59.jar;C:\Users\DURGAN\.m2\repository\org\seleniumhq\selenium\selenium-api\3.141.59\selenium-api-3.141.59.jar;C:\Users\DURGAN\.m2\repository\org\seleniumhq\selenium\selenium-chrome-driver\3.141.59\selenium-chrome-driver-3.141.59.jar;C:\Users\DURGAN\.m2\repository\org\seleniumhq\selenium\selenium-edge-driver\3.141.59\selenium-edge-driver-3.141.59.jar;C:\Users\DURGAN\.m2\repository\org\seleniumhq\selenium\selenium-firefox-driver\3.141.59\selenium-firefox-driver-3.141.59.jar;C:\Users\DURGAN\.m2\repository\org\seleniumhq\selenium\selenium-ie-driver\3.141.59\selenium-ie-driver-3.141.59.jar;C:\Users\DURGAN\.m2\repository\org\seleniumhq\selenium\selenium-opera-driver\3.141.59\selenium-opera-driver-3.141.59.jar;C:\Users\DURGAN\.m2\repository\org\seleniumhq\selenium\selenium-remote-driver\3.141.59\selenium-remote-driver-3.141.59.jar;C:\Users\DURGAN\.m2\repository\org\seleniumhq\selenium\selenium-safari-driver\3.141.59\selenium-safari-driver-3.141.59.jar;C:\Users\DURGAN\.m2\repository\org\seleniumhq\selenium\selenium-support\3.141.59\selenium-support-3.141.59.jar;C:\Users\DURGAN\.m2\repository\com\beust\jcommander\1.72\jcommander-1.72.jar;C:\Users\DURGAN\.m2\repository\net\bytebuddy\byte-buddy\1.8.15\byte-buddy-1.8.15.jar;C:\Users\DURGAN\.m2\repository\org\apache\commons\commons-exec\1.3\commons-exec-1.3.jar;C:\Users\DURGAN\.m2\repository\com\google\guava\guava\25.0-jre\guava-25.0-jre.jar;C:\Users\DURGAN\.m2\repository\com\google\code\findbugs\jsr305\1.3.9\jsr305-1.3.9.jar;C:\Users\DURGAN\.m2\repository\org\checkerframework\checker-compat-qual\2.0.0\checker-compat-qual-2.0.0.jar;C:\Users\DURGAN\.m2\repository\com\google\errorprone\error_prone_annotations\2.1.3\error_prone_annotations-2.1.3.jar;C:\Users\DURGAN\.m2\repository\com\google\j2objc\j2objc-annotations\1.1\j2objc-annotations-1.1.jar;C:\Users\DURGAN\.m2\repository\org\codehaus\mojo\animal-sniffer-annotations\1.14\animal-sniffer-annotations-1.14.jar;C:\Users\DURGAN\.m2\repository\net\jcip\jcip-annotations\1.0\jcip-annotations-1.0.jar;C:\Users\DURGAN\.m2\repository\org\seleniumhq\selenium\jetty-repacked\9.4.12.v20180830\jetty-repacked-9.4.12.v20180830.jar;C:\Users\DURGAN\.m2\repository\com\squareup\okhttp3\okhttp\3.11.0\okhttp-3.11.0.jar;C:\Users\DURGAN\.m2\repository\com\squareup\okio\okio\1.14.0\okio-1.14.0.jar;C:\Users\DURGAN\.m2\repository\javax\servlet\javax.servlet-api\3.1.0\javax.servlet-api-3.1.0.jar;C:\Users\DURGAN\.m2\repository\org\yaml\snakeyaml\1.19\snakeyaml-1.19.jar;C:\Users\DURGAN\.m2\repository\junit\junit\4.12\junit-4.12.jar;C:\Users\DURGAN\.m2\repository\org\hamcrest\hamcrest-core\1.3\hamcrest-core-1.3.jar;"/>
    <property name="java.vm.vendor" value="Oracle Corporation"/>
    <property name="sun.arch.data.model" value="64"/>
    <property name="user.variant" value=""/>
    <property name="java.vendor.url" value="http://java.oracle.com/"/>
    <property name="user.timezone" value="Asia/Calcutta"/>
    <property name="java.vm.specification.version" value="1.8"/>
    <property name="os.name" value="Windows Server 2012 R2"/>
    <property name="user.country" value="US"/>
    <property name="sun.java.launcher" value="SUN_STANDARD"/>
    <property name="sun.boot.library.path" value="C:\Program Files\Java\jdk1.8.0_201\jre\bin"/>
    <property name="sun.java.command" value="C:\Users\DURGAN\AppData\Local\Temp\14\surefire6768521168633090170\surefirebooter6975563617367841120.jar C:\Users\DURGAN\AppData\Local\Temp\14\surefire6768521168633090170 2019-11-15T10-13-36_202-jvmRun1 surefire4664005790003777030tmp surefire_02033018946317523172tmp"/>
    <property name="surefire.test.class.path" value="C:\Users\DURGAN\eclipse-workspace\TechBank\target\test-classes;C:\Users\DURGAN\eclipse-workspace\TechBank\target\classes;C:\Users\DURGAN\.m2\repository\io\cucumber\cucumber-junit\4.2.0\cucumber-junit-4.2.0.jar;C:\Users\DURGAN\.m2\repository\io\cucumber\cucumber-java\4.2.0\cucumber-java-4.2.0.jar;C:\Users\DURGAN\.m2\repository\io\cucumber\cucumber-core\4.2.0\cucumber-core-4.2.0.jar;C:\Users\DURGAN\.m2\repository\io\cucumber\cucumber-html\0.2.7\cucumber-html-0.2.7.jar;C:\Users\DURGAN\.m2\repository\io\cucumber\gherkin\5.1.0\gherkin-5.1.0.jar;C:\Users\DURGAN\.m2\repository\io\cucumber\tag-expressions\1.1.1\tag-expressions-1.1.1.jar;C:\Users\DURGAN\.m2\repository\io\cucumber\cucumber-expressions\6.2.0\cucumber-expressions-6.2.0.jar;C:\Users\DURGAN\.m2\repository\io\cucumber\datatable\1.1.7\datatable-1.1.7.jar;C:\Users\DURGAN\.m2\repository\io\cucumber\datatable-dependencies\1.1.7\datatable-dependencies-1.1.7.jar;C:\Users\DURGAN\.m2\repository\org\seleniumhq\selenium\selenium-server\3.141.59\selenium-server-3.141.59.jar;C:\Users\DURGAN\.m2\repository\org\seleniumhq\selenium\selenium-java\3.141.59\selenium-java-3.141.59.jar;C:\Users\DURGAN\.m2\repository\org\seleniumhq\selenium\selenium-api\3.141.59\selenium-api-3.141.59.jar;C:\Users\DURGAN\.m2\repository\org\seleniumhq\selenium\selenium-chrome-driver\3.141.59\selenium-chrome-driver-3.141.59.jar;C:\Users\DURGAN\.m2\repository\org\seleniumhq\selenium\selenium-edge-driver\3.141.59\selenium-edge-driver-3.141.59.jar;C:\Users\DURGAN\.m2\repository\org\seleniumhq\selenium\selenium-firefox-driver\3.141.59\selenium-firefox-driver-3.141.59.jar;C:\Users\DURGAN\.m2\repository\org\seleniumhq\selenium\selenium-ie-driver\3.141.59\selenium-ie-driver-3.141.59.jar;C:\Users\DURGAN\.m2\repository\org\seleniumhq\selenium\selenium-opera-driver\3.141.59\selenium-opera-driver-3.141.59.jar;C:\Users\DURGAN\.m2\repository\org\seleniumhq\selenium\selenium-remote-driver\3.141.59\selenium-remote-driver-3.141.59.jar;C:\Users\DURGAN\.m2\repository\org\seleniumhq\selenium\selenium-safari-driver\3.141.59\selenium-safari-driver-3.141.59.jar;C:\Users\DURGAN\.m2\repository\org\seleniumhq\selenium\selenium-support\3.141.59\selenium-support-3.141.59.jar;C:\Users\DURGAN\.m2\repository\com\beust\jcommander\1.72\jcommander-1.72.jar;C:\Users\DURGAN\.m2\repository\net\bytebuddy\byte-buddy\1.8.15\byte-buddy-1.8.15.jar;C:\Users\DURGAN\.m2\repository\org\apache\commons\commons-exec\1.3\commons-exec-1.3.jar;C:\Users\DURGAN\.m2\repository\com\google\guava\guava\25.0-jre\guava-25.0-jre.jar;C:\Users\DURGAN\.m2\repository\com\google\code\findbugs\jsr305\1.3.9\jsr305-1.3.9.jar;C:\Users\DURGAN\.m2\repository\org\checkerframework\checker-compat-qual\2.0.0\checker-compat-qual-2.0.0.jar;C:\Users\DURGAN\.m2\repository\com\google\errorprone\error_prone_annotations\2.1.3\error_prone_annotations-2.1.3.jar;C:\Users\DURGAN\.m2\repository\com\google\j2objc\j2objc-annotations\1.1\j2objc-annotations-1.1.jar;C:\Users\DURGAN\.m2\repository\org\codehaus\mojo\animal-sniffer-annotations\1.14\animal-sniffer-annotations-1.14.jar;C:\Users\DURGAN\.m2\repository\net\jcip\jcip-annotations\1.0\jcip-annotations-1.0.jar;C:\Users\DURGAN\.m2\repository\org\seleniumhq\selenium\jetty-repacked\9.4.12.v20180830\jetty-repacked-9.4.12.v20180830.jar;C:\Users\DURGAN\.m2\repository\com\squareup\okhttp3\okhttp\3.11.0\okhttp-3.11.0.jar;C:\Users\DURGAN\.m2\repository\com\squareup\okio\okio\1.14.0\okio-1.14.0.jar;C:\Users\DURGAN\.m2\repository\javax\servlet\javax.servlet-api\3.1.0\javax.servlet-api-3.1.0.jar;C:\Users\DURGAN\.m2\repository\org\yaml\snakeyaml\1.19\snakeyaml-1.19.jar;C:\Users\DURGAN\.m2\repository\junit\junit\4.12\junit-4.12.jar;C:\Users\DURGAN\.m2\repository\org\hamcrest\hamcrest-core\1.3\hamcrest-core-1.3.jar;"/>
    <property name="sun.cpu.endian" value="little"/>
    <property name="user.home" value="C:\Users\DURGAN"/>
    <property name="user.language" value="en"/>
    <property name="java.specification.vendor" value="Oracle Corporation"/>
    <property name="java.home" value="C:\Program Files\Java\jdk1.8.0_201\jre"/>
    <property name="basedir" value="C:\Users\DURGAN\eclipse-workspace\TechBank"/>
    <property name="file.separator" value="\"/>
    <property name="line.separator" value="&#10;"/>
    <property name="java.vm.specification.vendor" value="Oracle Corporation"/>
    <property name="java.specification.name" value="Java Platform API Specification"/>
    <property name="java.awt.graphicsenv" value="sun.awt.Win32GraphicsEnvironment"/>
    <property name="surefire.real.class.path" value="C:\Users\DURGAN\AppData\Local\Temp\14\surefire6768521168633090170\surefirebooter6975563617367841120.jar"/>
    <property name="sun.boot.class.path" value="C:\Program Files\Java\jdk1.8.0_201\jre\lib\resources.jar;C:\Program Files\Java\jdk1.8.0_201\jre\lib\rt.jar;C:\Program Files\Java\jdk1.8.0_201\jre\lib\sunrsasign.jar;C:\Program Files\Java\jdk1.8.0_201\jre\lib\jsse.jar;C:\Program Files\Java\jdk1.8.0_201\jre\lib\jce.jar;C:\Program Files\Java\jdk1.8.0_201\jre\lib\charsets.jar;C:\Program Files\Java\jdk1.8.0_201\jre\lib\jfr.jar;C:\Program Files\Java\jdk1.8.0_201\jre\classes"/>
    <property name="user.script" value=""/>
    <property name="sun.management.compiler" value="HotSpot 64-Bit Tiered Compilers"/>
    <property name="java.runtime.version" value="1.8.0_201-b09"/>
    <property name="user.name" value="durgan"/>
    <property name="path.separator" value=";"/>
    <property name="os.version" value="6.3"/>
    <property name="java.endorsed.dirs" value="C:\Program Files\Java\jdk1.8.0_201\jre\lib\endorsed"/>
    <property name="java.runtime.name" value="Java(TM) SE Runtime Environment"/>
    <property name="file.encoding" value="Cp1252"/>
    <property name="java.vm.name" value="Java HotSpot(TM) 64-Bit Server VM"/>
    <property name="localRepository" value="C:\Users\DURGAN\.m2\repository"/>
    <property name="java.vendor.url.bug" value="http://bugreport.sun.com/bugreport/"/>
    <property name="java.io.tmpdir" value="C:\Users\DURGAN\AppData\Local\Temp\14\"/>
    <property name="java.version" value="1.8.0_201"/>
    <property name="user.dir" value="C:\Users\DURGAN\eclipse-workspace\TechBank"/>
    <property name="os.arch" value="amd64"/>
    <property name="java.vm.specification.name" value="Java Virtual Machine Specification"/>
    <property name="java.awt.printerjob" value="sun.awt.windows.WPrinterJob"/>
    <property name="sun.os.patch.level" value=""/>
    <property name="java.library.path" value="C:\Program Files\Java\jdk1.8.0_201\jre\bin;C:\Windows\Sun\Java\bin;C:\Windows\system32;C:\Windows;C:/Program Files/Java/jre1.8.0_201/bin/server;C:/Program Files/Java/jre1.8.0_201/bin;C:/Program Files/Java/jre1.8.0_201/lib/amd64;C:\Program Files (x86)\Common Files\Oracle\Java\javapath;C:\app\Administrator\product\11.2.0\client_2\bin;C:\app\Administrator\product\11.2.0\client_1;C:\ProgramData\Oracle\Java\javapath;C:\Windows\system32;C:\Windows;C:\Windows\System32\Wbem;C:\Windows\System32\WindowsPowerShell\v1.0\;C:\Program Files (x86)\Microsoft SQL Server\110\Tools\Binn\;C:\Program Files\Microsoft SQL Server\110\Tools\Binn\;C:\Program Files\Microsoft SQL Server\110\DTS\Binn\;C:\Users\DURGAN\Downloads\eclipse-java-oxygen-3a-win32-x86_64\eclipse;;."/>
    <property name="java.vm.info" value="mixed mode"/>
    <property name="java.vendor" value="Oracle Corporation"/>
    <property name="java.vm.version" value="25.201-b09"/>
    <property name="propertyName" value="launchUrl"/>
    <property name="java.ext.dirs" value="C:\Program Files\Java\jdk1.8.0_201\jre\lib\ext;C:\Windows\Sun\Java\lib\ext"/>
    <property name="sun.io.unicode.encoding" value="UnicodeLittle"/>
    <property name="java.class.version" value="52.0"/>
  </properties>
  <testcase name="EMPTY_NAME" classname="Validate the login page" time="6.928">
    <error message="null value in entry: url=null" type="java.lang.NullPointerException">java.lang.NullPointerException: null value in entry: url=null
</error>
    <system-out><![CDATA[&amp#27;[31mF&amp#27;[0m&amp#27;[36m-&amp#27;[0m&amp#27;[36m-&amp#27;[0m&amp#27;[36m-&amp#27;[0m]]></system-out>
    <system-err><![CDATA[Starting ChromeDriver 77.0.3865.10 (bc3579f611bbc73331171afe020ec7a45e6ccc55-refs/branch-heads/3865@{#93}) on port 35627
Only local connections are allowed.
Please protect ports used by ChromeDriver and related test frameworks to prevent access by malicious code.
[1573793025.804][WARNING]: This version of ChromeDriver has not been tested with Chrome version 78.
[1573793025.861][WARNING]: This version of ChromeDriver has not been tested with Chrome version 78.
Nov 15, 2019 10:13:46 AM org.openqa.selenium.remote.ProtocolHandshake createSession
INFO: Detected dialect: W3C
]]></system-err>
  </testcase>
  <testcase name="EMPTY_NAME" classname="Validate the login page" time="4.727">
    <error message="null value in entry: url=null" type="java.lang.NullPointerException">java.lang.NullPointerException: null value in entry: url=null
</error>
    <system-out><![CDATA[&amp#27;[31mF&amp#27;[0m&amp#27;[36m-&amp#27;[0m&amp#27;[36m-&amp#27;[0m&amp#27;[36m-&amp#27;[0m]]></system-out>
    <system-err><![CDATA[Starting ChromeDriver 77.0.3865.10 (bc3579f611bbc73331171afe020ec7a45e6ccc55-refs/branch-heads/3865@{#93}) on port 24549
Only local connections are allowed.
Please protect ports used by ChromeDriver and related test frameworks to prevent access by malicious code.
[1573793030.726][WARNING]: This version of ChromeDriver has not been tested with Chrome version 78.
[1573793030.784][WARNING]: This version of ChromeDriver has not been tested with Chrome version 78.
Nov 15, 2019 10:13:51 AM org.openqa.selenium.remote.ProtocolHandshake createSession
INFO: Detected dialect: W3C
]]></system-err>
  </testcase>
  <testcase name="EMPTY_NAME" classname="Validate the login page" time="4.801">
    <error message="null value in entry: url=null" type="java.lang.NullPointerException">java.lang.NullPointerException: null value in entry: url=null
</error>
    <system-out><![CDATA[&amp#27;[31mF&amp#27;[0m&amp#27;[36m-&amp#27;[0m&amp#27;[36m-&amp#27;[0m&amp#27;[36m-&amp#27;[0m]]></system-out>
    <system-err><![CDATA[Starting ChromeDriver 77.0.3865.10 (bc3579f611bbc73331171afe020ec7a45e6ccc55-refs/branch-heads/3865@{#93}) on port 36299
Only local connections are allowed.
Please protect ports used by ChromeDriver and related test frameworks to prevent access by malicious code.
[1573793035.535][WARNING]: This version of ChromeDriver has not been tested with Chrome version 78.
[1573793035.591][WARNING]: This version of ChromeDriver has not been tested with Chrome version 78.
Nov 15, 2019 10:13:56 AM org.openqa.selenium.remote.ProtocolHandshake createSession
INFO: Detected dialect: W3C
]]></system-err>
  </testcase>
  <testcase name="EMPTY_NAME" classname="Validate the login page" time="4.699">
    <error message="null value in entry: url=null" type="java.lang.NullPointerException">java.lang.NullPointerException: null value in entry: url=null
</error>
    <system-out><![CDATA[&amp#27;[31mF&amp#27;[0m&amp#27;[36m-&amp#27;[0m&amp#27;[36m-&amp#27;[0m&amp#27;[36m-&amp#27;[0m]]></system-out>
    <system-err><![CDATA[Starting ChromeDriver 77.0.3865.10 (bc3579f611bbc73331171afe020ec7a45e6ccc55-refs/branch-heads/3865@{#93}) on port 46150
Only local connections are allowed.
Please protect ports used by ChromeDriver and related test frameworks to prevent access by malicious code.
[1573793040.236][WARNING]: This version of ChromeDriver has not been tested with Chrome version 78.
[1573793040.293][WARNING]: This version of ChromeDriver has not been tested with Chrome version 78.
Nov 15, 2019 10:14:01 AM org.openqa.selenium.remote.ProtocolHandshake createSession
INFO: Detected dialect: W3C
]]></system-err>
  </testcase>
</testsuite>